-------------------------------------------------------------------------------
Test set: com.PafProject.PafApplicationTests
-------------------------------------------------------------------------------
Tests run: 1, Failures: 0, Errors: 1, Skipped: 0, Time elapsed: 6.004 s <<< FAILURE! - in com.PafProject.PafApplicationTests
contextLoads(com.PafProject.PafApplicationTests)  Time elapsed: 0.002 s  <<< ERROR!
java.lang.IllegalStateException: Failed to load ApplicationContext
Caused by: org.springframework.beans.factory.UnsatisfiedDependencyException: Error creating bean with name 'userController': Unsatisfied dependency expressed through field 'userService'; nested exception is org.springframework.beans.factory.UnsatisfiedDependencyException: Error creating bean with name 'userService': Unsatisfied dependency expressed through field 'roleRepository'; nested exception is org.springframework.beans.factory.BeanCreationException: Error creating bean with name 'roleRepository': Invocation of init method failed; nested exception is java.lang.IllegalArgumentException: Failed to create query for method public abstract com.PafProject.model.Role com.PafProject.repository.RoleRepository.findByRole(java.lang.String)! No property role found for type User! Did you mean 'roles'?
Caused by: org.springframework.beans.factory.UnsatisfiedDependencyException: Error creating bean with name 'userService': Unsatisfied dependency expressed through field 'roleRepository'; nested exception is org.springframework.beans.factory.BeanCreationException: Error creating bean with name 'roleRepository': Invocation of init method failed; nested exception is java.lang.IllegalArgumentException: Failed to create query for method public abstract com.PafProject.model.Role com.PafProject.repository.RoleRepository.findByRole(java.lang.String)! No property role found for type User! Did you mean 'roles'?
Caused by: org.springframework.beans.factory.BeanCreationException: Error creating bean with name 'roleRepository': Invocation of init method failed; nested exception is java.lang.IllegalArgumentException: Failed to create query for method public abstract com.PafProject.model.Role com.PafProject.repository.RoleRepository.findByRole(java.lang.String)! No property role found for type User! Did you mean 'roles'?
Caused by: java.lang.IllegalArgumentException: Failed to create query for method public abstract com.PafProject.model.Role com.PafProject.repository.RoleRepository.findByRole(java.lang.String)! No property role found for type User! Did you mean 'roles'?
Caused by: org.springframework.data.mapping.PropertyReferenceException: No property role found for type User! Did you mean 'roles'?

